{
  "RSpec": {
    "coverage": {
      "/Users/watanabeakifumi/Desktop/chat-space/app/uploaders/image_uploader.rb": [
        0,
        null,
        null,
        0,
        0,
        0,
        0,
        0,
        null,
        0,
        null,
        0
      ],
      "/Users/watanabeakifumi/Desktop/chat-space/app/mailers/application_mailer.rb": [
        0,
        0,
        0,
        0
      ],
      "/Users/watanabeakifumi/Desktop/chat-space/app/models/group.rb": [
        0,
        0,
        0,
        0,
        0,
        null,
        0,
        0,
        0,
        0,
        0,
        0,
        0,
        0
      ],
      "/Users/watanabeakifumi/Desktop/chat-space/app/models/message.rb": [
        0,
        0,
        0,
        null,
        0,
        0,
        0,
        null
      ],
      "/Users/watanabeakifumi/Desktop/chat-space/app/models/group_user.rb": [
        0,
        0,
        0,
        0
      ],
      "/Users/watanabeakifumi/Desktop/chat-space/app/models/application_record.rb": [
        0,
        0,
        0
      ],
      "/Users/watanabeakifumi/Desktop/chat-space/app/models/user.rb": [
        0,
        null,
        null,
        0,
        0,
        0,
        0,
        0,
        0,
        null,
        0,
        0,
        0,
        0,
        0,
        null,
        0
      ],
      "/Users/watanabeakifumi/Desktop/chat-space/app/jobs/application_job.rb": [
        0,
        0
      ],
      "/Users/watanabeakifumi/Desktop/chat-space/app/controllers/messages_controller.rb": [
        0,
        null,
        0,
        null,
        0,
        0,
        0,
        0,
        0,
        0,
        0,
        null,
        0,
        null,
        0,
        0,
        0,
        null,
        0,
        0,
        0,
        0,
        null,
        0,
        0,
        0,
        0,
        0,
        null,
        0,
        null,
        0,
        0,
        0,
        null,
        0,
        0,
        0,
        null,
        0
      ],
      "/Users/watanabeakifumi/Desktop/chat-space/app/controllers/application_controller.rb": [
        0,
        0,
        0,
        0,
        0,
        0,
        0,
        0,
        0
      ],
      "/Users/watanabeakifumi/Desktop/chat-space/app/controllers/groups_controller.rb": [
        0,
        null,
        0,
        0,
        null,
        0,
        0,
        0,
        0,
        0,
        null,
        0,
        0,
        0,
        0,
        null,
        0,
        0,
        0,
        0,
        null,
        0,
        null,
        0,
        0,
        0,
        null,
        0,
        0,
        0,
        0,
        0,
        0,
        null,
        0,
        null,
        0,
        0,
        0,
        0,
        null,
        0,
        0,
        0,
        0
      ],
      "/Users/watanabeakifumi/Desktop/chat-space/app/controllers/users_controller.rb": [
        0,
        0,
        0,
        0,
        0,
        0,
        0,
        0,
        0,
        null,
        0,
        0,
        null,
        0,
        null,
        0,
        null,
        0,
        null,
        0,
        0,
        0,
        0,
        0,
        0,
        0,
        0,
        0,
        null,
        0,
        null,
        0,
        0,
        0,
        0,
        0,
        0,
        null,
        0,
        null,
        0,
        0,
        0,
        null,
        0,
        0,
        0,
        0
      ],
      "/Users/watanabeakifumi/Desktop/chat-space/app/helpers/messages_helper.rb": [
        0,
        0
      ],
      "/Users/watanabeakifumi/Desktop/chat-space/app/helpers/groups_helper.rb": [
        0,
        0
      ],
      "/Users/watanabeakifumi/Desktop/chat-space/app/helpers/users_helper.rb": [
        0,
        0
      ],
      "/Users/watanabeakifumi/Desktop/chat-space/app/helpers/application_helper.rb": [
        0,
        0
      ],
      "/Users/watanabeakifumi/Desktop/chat-space/app/channels/application_cable/connection.rb": [
        0,
        0,
        0,
        0
      ],
      "/Users/watanabeakifumi/Desktop/chat-space/app/channels/application_cable/channel.rb": [
        0,
        0,
        0,
        0
      ]
    },
    "timestamp": 1550070837
  }
}
